  thuc-hanh-buoi-04.cpp
D:\do_hoa_may_tinh-thuc_hanh-buoi_04\thuc-hanh-buoi-04\thuc-hanh-buoi-04.cpp(12,17): warning C4305: 'initializing': truncation from 'double' to 'float'
D:\do_hoa_may_tinh-thuc_hanh-buoi_04\thuc-hanh-buoi-04\thuc-hanh-buoi-04.cpp(13,16): warning C4305: 'initializing': truncation from 'double' to 'float'
D:\do_hoa_may_tinh-thuc_hanh-buoi_04\thuc-hanh-buoi-04\thuc-hanh-buoi-04.cpp(19,34): warning C4244: '=': conversion from 'float' to '_Ty1', possible loss of data
D:\do_hoa_may_tinh-thuc_hanh-buoi_04\thuc-hanh-buoi-04\thuc-hanh-buoi-04.cpp(19,34): warning C4244:         with
D:\do_hoa_may_tinh-thuc_hanh-buoi_04\thuc-hanh-buoi-04\thuc-hanh-buoi-04.cpp(19,34): warning C4244:         [
D:\do_hoa_may_tinh-thuc_hanh-buoi_04\thuc-hanh-buoi-04\thuc-hanh-buoi-04.cpp(19,34): warning C4244:             _Ty1=int
D:\do_hoa_may_tinh-thuc_hanh-buoi_04\thuc-hanh-buoi-04\thuc-hanh-buoi-04.cpp(19,34): warning C4244:         ]
D:\do_hoa_may_tinh-thuc_hanh-buoi_04\thuc-hanh-buoi-04\thuc-hanh-buoi-04.cpp(20,35): warning C4244: '=': conversion from 'float' to '_Ty2', possible loss of data
D:\do_hoa_may_tinh-thuc_hanh-buoi_04\thuc-hanh-buoi-04\thuc-hanh-buoi-04.cpp(20,35): warning C4244:         with
D:\do_hoa_may_tinh-thuc_hanh-buoi_04\thuc-hanh-buoi-04\thuc-hanh-buoi-04.cpp(20,35): warning C4244:         [
D:\do_hoa_may_tinh-thuc_hanh-buoi_04\thuc-hanh-buoi-04\thuc-hanh-buoi-04.cpp(20,35): warning C4244:             _Ty2=int
D:\do_hoa_may_tinh-thuc_hanh-buoi_04\thuc-hanh-buoi-04\thuc-hanh-buoi-04.cpp(20,35): warning C4244:         ]
D:\do_hoa_may_tinh-thuc_hanh-buoi_04\thuc-hanh-buoi-04\thuc-hanh-buoi-04.cpp(24,34): warning C4244: '=': conversion from 'float' to '_Ty1', possible loss of data
D:\do_hoa_may_tinh-thuc_hanh-buoi_04\thuc-hanh-buoi-04\thuc-hanh-buoi-04.cpp(24,34): warning C4244:         with
D:\do_hoa_may_tinh-thuc_hanh-buoi_04\thuc-hanh-buoi-04\thuc-hanh-buoi-04.cpp(24,34): warning C4244:         [
D:\do_hoa_may_tinh-thuc_hanh-buoi_04\thuc-hanh-buoi-04\thuc-hanh-buoi-04.cpp(24,34): warning C4244:             _Ty1=int
D:\do_hoa_may_tinh-thuc_hanh-buoi_04\thuc-hanh-buoi-04\thuc-hanh-buoi-04.cpp(24,34): warning C4244:         ]
D:\do_hoa_may_tinh-thuc_hanh-buoi_04\thuc-hanh-buoi-04\thuc-hanh-buoi-04.cpp(25,35): warning C4244: '=': conversion from 'float' to '_Ty2', possible loss of data
D:\do_hoa_may_tinh-thuc_hanh-buoi_04\thuc-hanh-buoi-04\thuc-hanh-buoi-04.cpp(25,35): warning C4244:         with
D:\do_hoa_may_tinh-thuc_hanh-buoi_04\thuc-hanh-buoi-04\thuc-hanh-buoi-04.cpp(25,35): warning C4244:         [
D:\do_hoa_may_tinh-thuc_hanh-buoi_04\thuc-hanh-buoi-04\thuc-hanh-buoi-04.cpp(25,35): warning C4244:             _Ty2=int
D:\do_hoa_may_tinh-thuc_hanh-buoi_04\thuc-hanh-buoi-04\thuc-hanh-buoi-04.cpp(25,35): warning C4244:         ]
D:\do_hoa_may_tinh-thuc_hanh-buoi_04\thuc-hanh-buoi-04\thuc-hanh-buoi-04.cpp(44,48): warning C4305: '+=': truncation from 'double' to 'float'
D:\do_hoa_may_tinh-thuc_hanh-buoi_04\thuc-hanh-buoi-04\thuc-hanh-buoi-04.cpp(45,23): warning C4244: '=': conversion from 'double' to 'float', possible loss of data
D:\do_hoa_may_tinh-thuc_hanh-buoi_04\thuc-hanh-buoi-04\thuc-hanh-buoi-04.cpp(47,29): warning C4244: 'argument': conversion from 'float' to 'int', possible loss of data
D:\do_hoa_may_tinh-thuc_hanh-buoi_04\thuc-hanh-buoi-04\thuc-hanh-buoi-04.cpp(47,21): warning C4244: 'argument': conversion from 'float' to 'int', possible loss of data
D:\do_hoa_may_tinh-thuc_hanh-buoi_04\thuc-hanh-buoi-04\thuc-hanh-buoi-04.cpp(55,39): warning C4244: 'argument': conversion from 'double' to 'int', possible loss of data
D:\do_hoa_may_tinh-thuc_hanh-buoi_04\thuc-hanh-buoi-04\thuc-hanh-buoi-04.cpp(55,23): warning C4244: 'argument': conversion from 'double' to 'int', possible loss of data
  thuc-hanh-buoi-04.vcxproj -> D:\do_hoa_may_tinh-thuc_hanh-buoi_04\thuc-hanh-buoi-04\Debug\thuc-hanh-buoi-04.exe
