  drawHeart.cpp
E:\DHV\school_year_3\semester_1\do-hoa-may-tinh\thuc-hanh\buoi-04\drawHeart\drawHeart.cpp(11,17): warning C4305: 'initializing': truncation from 'double' to 'float'
E:\DHV\school_year_3\semester_1\do-hoa-may-tinh\thuc-hanh\buoi-04\drawHeart\drawHeart.cpp(12,16): warning C4305: 'initializing': truncation from 'double' to 'float'
E:\DHV\school_year_3\semester_1\do-hoa-may-tinh\thuc-hanh\buoi-04\drawHeart\drawHeart.cpp(16,34): warning C4244: '=': conversion from 'float' to '_Ty1', possible loss of data
E:\DHV\school_year_3\semester_1\do-hoa-may-tinh\thuc-hanh\buoi-04\drawHeart\drawHeart.cpp(16,34): warning C4244:         with
E:\DHV\school_year_3\semester_1\do-hoa-may-tinh\thuc-hanh\buoi-04\drawHeart\drawHeart.cpp(16,34): warning C4244:         [
E:\DHV\school_year_3\semester_1\do-hoa-may-tinh\thuc-hanh\buoi-04\drawHeart\drawHeart.cpp(16,34): warning C4244:             _Ty1=int
E:\DHV\school_year_3\semester_1\do-hoa-may-tinh\thuc-hanh\buoi-04\drawHeart\drawHeart.cpp(16,34): warning C4244:         ]
E:\DHV\school_year_3\semester_1\do-hoa-may-tinh\thuc-hanh\buoi-04\drawHeart\drawHeart.cpp(17,35): warning C4244: '=': conversion from 'float' to '_Ty2', possible loss of data
E:\DHV\school_year_3\semester_1\do-hoa-may-tinh\thuc-hanh\buoi-04\drawHeart\drawHeart.cpp(17,35): warning C4244:         with
E:\DHV\school_year_3\semester_1\do-hoa-may-tinh\thuc-hanh\buoi-04\drawHeart\drawHeart.cpp(17,35): warning C4244:         [
E:\DHV\school_year_3\semester_1\do-hoa-may-tinh\thuc-hanh\buoi-04\drawHeart\drawHeart.cpp(17,35): warning C4244:             _Ty2=int
E:\DHV\school_year_3\semester_1\do-hoa-may-tinh\thuc-hanh\buoi-04\drawHeart\drawHeart.cpp(17,35): warning C4244:         ]
E:\DHV\school_year_3\semester_1\do-hoa-may-tinh\thuc-hanh\buoi-04\drawHeart\drawHeart.cpp(20,34): warning C4244: '=': conversion from 'float' to '_Ty1', possible loss of data
E:\DHV\school_year_3\semester_1\do-hoa-may-tinh\thuc-hanh\buoi-04\drawHeart\drawHeart.cpp(20,34): warning C4244:         with
E:\DHV\school_year_3\semester_1\do-hoa-may-tinh\thuc-hanh\buoi-04\drawHeart\drawHeart.cpp(20,34): warning C4244:         [
E:\DHV\school_year_3\semester_1\do-hoa-may-tinh\thuc-hanh\buoi-04\drawHeart\drawHeart.cpp(20,34): warning C4244:             _Ty1=int
E:\DHV\school_year_3\semester_1\do-hoa-may-tinh\thuc-hanh\buoi-04\drawHeart\drawHeart.cpp(20,34): warning C4244:         ]
E:\DHV\school_year_3\semester_1\do-hoa-may-tinh\thuc-hanh\buoi-04\drawHeart\drawHeart.cpp(21,35): warning C4244: '=': conversion from 'float' to '_Ty2', possible loss of data
E:\DHV\school_year_3\semester_1\do-hoa-may-tinh\thuc-hanh\buoi-04\drawHeart\drawHeart.cpp(21,35): warning C4244:         with
E:\DHV\school_year_3\semester_1\do-hoa-may-tinh\thuc-hanh\buoi-04\drawHeart\drawHeart.cpp(21,35): warning C4244:         [
E:\DHV\school_year_3\semester_1\do-hoa-may-tinh\thuc-hanh\buoi-04\drawHeart\drawHeart.cpp(21,35): warning C4244:             _Ty2=int
E:\DHV\school_year_3\semester_1\do-hoa-may-tinh\thuc-hanh\buoi-04\drawHeart\drawHeart.cpp(21,35): warning C4244:         ]
E:\DHV\school_year_3\semester_1\do-hoa-may-tinh\thuc-hanh\buoi-04\drawHeart\drawHeart.cpp(38,48): warning C4305: '+=': truncation from 'double' to 'float'
E:\DHV\school_year_3\semester_1\do-hoa-may-tinh\thuc-hanh\buoi-04\drawHeart\drawHeart.cpp(39,23): warning C4244: '=': conversion from 'double' to 'float', possible loss of data
E:\DHV\school_year_3\semester_1\do-hoa-may-tinh\thuc-hanh\buoi-04\drawHeart\drawHeart.cpp(41,29): warning C4244: 'argument': conversion from 'float' to 'int', possible loss of data
E:\DHV\school_year_3\semester_1\do-hoa-may-tinh\thuc-hanh\buoi-04\drawHeart\drawHeart.cpp(41,21): warning C4244: 'argument': conversion from 'float' to 'int', possible loss of data
E:\DHV\school_year_3\semester_1\do-hoa-may-tinh\thuc-hanh\buoi-04\drawHeart\drawHeart.cpp(48,39): warning C4244: 'argument': conversion from 'double' to 'int', possible loss of data
E:\DHV\school_year_3\semester_1\do-hoa-may-tinh\thuc-hanh\buoi-04\drawHeart\drawHeart.cpp(48,23): warning C4244: 'argument': conversion from 'double' to 'int', possible loss of data
  drawHeart.vcxproj -> E:\DHV\school_year_3\semester_1\do-hoa-may-tinh\thuc-hanh\buoi-04\drawHeart\Debug\drawHeart.exe
